<?xml version="1.0" encoding="UTF-8"?>
<!-- Generated by org.testng.reporters.JUnitReportReporter -->
<testsuite hostname="DESKTOP-65K1966" failures="0" tests="1" name="Task1_OpenAmazon.invalid_addToCartWithoutItem" time="3.929" errors="0" timestamp="2024-09-21T16:08:52 EEST" skipped="0">
  <testcase classname="Task1_OpenAmazon.invalid_addToCartWithoutItem" name="invalid_addToCartWithoutItem" time="3.929"/>
  <system-out/>
</testsuite> <!-- Task1_OpenAmazon.invalid_addToCartWithoutItem -->
