<?xml version="1.0" encoding="UTF-8"?>
<!-- Generated by org.testng.reporters.JUnitReportReporter -->
<testsuite hostname="DESKTOP-65K1966" failures="0" tests="1" name="Task1_OpenAmazon.selectFirstItemThenGoToCartWithoutAdding" time="18.823" errors="0" timestamp="2024-09-21T16:11:02 EEST" skipped="0">
  <testcase classname="Task1_OpenAmazon.selectFirstItemThenGoToCartWithoutAdding" name="selectFirstItemThenGoToCartWithoutAdding" time="18.823"/>
  <system-out/>
</testsuite> <!-- Task1_OpenAmazon.selectFirstItemThenGoToCartWithoutAdding -->
