<?xml version="1.0" encoding="UTF-8"?>
<!-- Generated by org.testng.reporters.JUnitReportReporter -->
<testsuite hostname="DESKTOP-65K1966" failures="0" tests="1" name="Task1_OpenAmazon.Invalid_selectSecondItem" time="35.239" errors="0" timestamp="2024-09-21T16:15:13 EEST" skipped="0">
  <testcase classname="Task1_OpenAmazon.Invalid_selectSecondItem" name="Invalid_selectSecondItem" time="35.239"/>
  <system-out/>
</testsuite> <!-- Task1_OpenAmazon.Invalid_selectSecondItem -->
